feature/bluetooth/presentation/build/intermediates/manifest_merge_blame_file/debug/processDebugManifest/manifest-merger-blame-debug-report.txt
1<?xml version="1.0" encoding="utf-8"?>
2<manifest xmlns:android="http://schemas.android.com/apk/res/android"
3    xmlns:tools="http://schemas.android.com/tools"
4    package="io.lb.bleandlistingopt.feature.bluetooth.presentation" >
5
6    <uses-sdk android:minSdkVersion="24" />
6-->INJECTED
6-->INJECTED
7
8    <!--
9    API 30 and below: BLUETOOTH/BLUETOOTH_ADMIN are normal (install-time)
10    permissions, but scanning also needs runtime-requested location because
11    the OS treats BLE scan results as potentially location-revealing.
12    -->
13    <uses-permission
13-->src/main/AndroidManifest.xml:7:5-95
14        android:name="android.permission.BLUETOOTH"
14-->src/main/AndroidManifest.xml:7:22-65
15        android:maxSdkVersion="30" />
15-->src/main/AndroidManifest.xml:7:66-92
16    <uses-permission
16-->src/main/AndroidManifest.xml:8:5-101
17        android:name="android.permission.BLUETOOTH_ADMIN"
17-->src/main/AndroidManifest.xml:8:22-71
18        android:maxSdkVersion="30" />
18-->src/main/AndroidManifest.xml:8:72-98
19    <uses-permission
19-->src/main/AndroidManifest.xml:9:5-106
20        android:name="android.permission.ACCESS_FINE_LOCATION"
20-->src/main/AndroidManifest.xml:9:22-76
21        android:maxSdkVersion="30" />
21-->src/main/AndroidManifest.xml:9:77-103
22
23    <!--
24    API 31+: BLUETOOTH_SCAN/CONNECT replace the permissions above.
25    `neverForLocation` declares this app doesn't derive physical location
26    from scan results, which is what lets BLUETOOTH_SCAN be requested
27    without also requesting ACCESS_FINE_LOCATION on these versions.
28    -->
29    <uses-permission
29-->src/main/AndroidManifest.xml:15:5-18:31
30        android:name="android.permission.BLUETOOTH_SCAN"
30-->src/main/AndroidManifest.xml:16:9-57
31        android:usesPermissionFlags="neverForLocation"
31-->src/main/AndroidManifest.xml:17:9-55
32        tools:targetApi="s" />
32-->src/main/AndroidManifest.xml:18:9-28
33    <uses-permission android:name="android.permission.BLUETOOTH_CONNECT" />
33-->src/main/AndroidManifest.xml:19:5-76
33-->src/main/AndroidManifest.xml:19:22-73
34
35    <application>
35-->src/main/AndroidManifest.xml:21:5-25:19
36        <activity
36-->src/main/AndroidManifest.xml:22:9-24:40
37            android:name="io.lb.bleandlistingopt.feature.bluetooth.presentation.BluetoothActivity"
37-->src/main/AndroidManifest.xml:23:13-46
38            android:exported="false" />
38-->src/main/AndroidManifest.xml:24:13-37
39    </application>
40
41</manifest>